<?xml version="1.0" encoding="UTF-8"?>
<testsuite xmlns:xsi="http://www.w3.org/2001/XMLSchema-instance" xsi:noNamespaceSchemaLocation="https://maven.apache.org/surefire/maven-surefire-plugin/xsd/surefire-test-report-3.0.xsd" version="3.0" name="up.mi.paa.reseau_electrique.model.ConnexionTest" time="0.01" tests="6" errors="0" skipped="0" failures="0">
  <properties>
[...]
</properties>
  <testcase name="testConstructeurEtGetters" classname="up.mi.paa.reseau_electrique.model.ConnexionTest" time="0.002"/>
  <testcase name="testEqualsValeursIdentiques" classname="up.mi.paa.reseau_electrique.model.ConnexionTest" time="0.001"/>
  <testcase name="testEqualsAvecNullEtAutreClasse" classname="up.mi.paa.reseau_electrique.model.ConnexionTest" time="0.0"/>
  <testcase name="testSetters" classname="up.mi.paa.reseau_electrique.model.ConnexionTest" time="0.001"/>
  <testcase name="testEqualsMemeObjet" classname="up.mi.paa.reseau_electrique.model.ConnexionTest" time="0.002"/>
  <testcase name="testEqualsValeursDifferentes" classname="up.mi.paa.reseau_electrique.model.ConnexionTest" time="0.002"/>
</testsuite>